        NS = 20    NRG = 40    RCUT1 = 2.04904E+00 SPV =   0.90090  SPA =   4.98614
        ILIST =  1    IFILE =  0    IBOUND =  0

  PTN#     1     NP= 500       DENS= 1.1100   BOXLX= 7.6656   BOXLY= 7.6656   BOXLZ= 7.6656
           *** COORDINATES AFTER PUTTING TO REAL BOX ***

   (   1)  1.4369  7.4462  0.1554  (   2)  0.6471  2.3289  3.0683  (   3)  0.4458  1.7948  1.8926  (   4)  7.4581  1.1432  2.0419
   (   5)  7.3162  0.9651  3.7458  (   6)  1.1806  4.4125  0.2755  (   7)  1.6380  0.5295  3.4868  (   8)  0.5466  6.8045  3.8522
   (   9)  0.3136  0.0897  1.8780  (  10)  1.3593  7.2387  3.5816  (  11)  1.7493  0.5956  6.2181  (  12)  7.4673  0.6951  4.7097
   (  13)  0.8516  0.7185  0.1606  (  14)  0.5931  2.5160  4.7780  (  15)  2.6110  0.4938  6.6835  (  16)  1.5819  1.2901  5.4809
   (  17)  2.4997  7.5358  0.2364  (  18)  2.1224  7.2376  6.9268  (  19)  1.4941  7.1078  6.1656  (  20)  2.1869  5.2751  6.5649
   (  21)  1.3962  3.4809  0.7829  (  22)  0.1538  3.7389  6.3019  (  23)  0.4687  1.8335  0.1062  (  24)  5.9414  3.4963  1.2910
   (  25)  1.9507  4.9763  1.3627  (  26)  0.2269  5.7040  1.6326  (  27)  6.7267  0.8646  1.3883  (  28)  6.7343  2.6099  3.4207
   (  29)  0.0159  4.0667  3.5784  (  30)  1.4607  1.0986  4.3153  (  31)  2.3313  6.8078  4.1990  (  32)  7.6131  2.2677  3.7454
   (  33)  5.4705  2.5097  7.0709  (  34)  7.2759  2.1888  5.6715  (  35)  0.6946  0.9572  5.9968  (  36)  6.3418  2.6585  5.5143
   (  37)  0.1671  0.7887  1.1583  (  38)  1.6570  2.5286  2.4008  (  39)  0.9302  1.4584  0.9679  (  40)  0.7801  3.4968  7.2960
   (  41)  6.6660  5.2643  6.9154  (  42)  0.5238  5.2333  0.0081  (  43)  2.2243  4.7159  0.3720  (  44)  0.1753  4.2958  0.2773
   (  45)  7.2447  5.1019  0.6200  (  46)  0.3569  3.3125  0.5693  (  47)  0.3920  2.3439  0.9966  (  48)  0.5011  6.5035  2.1165
   (  49)  0.7887  3.0423  3.9328  (  50)  2.2104  5.6904  1.9992  (  51)  0.1397  3.0213  5.3987  (  52)  7.2799  5.4454  4.2598
   (  53)  0.3772  4.7647  6.0513  (  54)  0.9454  1.7923  3.9146  (  55)  3.0373  2.1755  0.2599  (  56)  0.1055  1.0893  7.0678
   (  57)  0.0962  1.8763  6.4467  (  58)  6.2299  4.8045  4.3260  (  59)  2.1010  2.1732  7.2466  (  60)  7.2135  5.8573  0.0213
   (  61)  0.3484  5.9805  0.6096  (  62)  1.6729  5.5745  0.6782  (  63)  3.0667  5.6958  6.6181  (  64)  1.1103  4.2529  1.2952
   (  65)  0.4872  4.2615  2.6910  (  66)  3.7763  5.0651  7.0914  (  67)  0.9859  3.9935  3.7201  (  68)  7.4258  7.3068  2.5116
   (  69)  1.2083  5.1566  3.3466  (  70)  5.0143  6.3149  5.1418  (  71)  1.6462  4.7791  4.4225  (  72)  0.6914  7.2044  2.7774
   (  73)  6.6983  5.3505  5.0914  (  74)  2.0155  3.5649  5.5892  (  75)  1.0318  3.3238  2.9619  (  76)  0.0590  5.5687  6.8197
   (  77)  7.5386  4.5461  6.9090  (  78)  1.1201  5.4328  6.2884  (  79)  0.1707  2.6425  7.2137  (  80)  0.8980  4.5538  6.9420
   (  81)  1.7483  6.4965  0.1880  (  82)  1.8317  7.3570  1.0747  (  83)  7.6359  6.8383  1.0178  (  84)  2.0104  0.8849  2.5443
   (  85)  0.0670  7.5323  3.5109  (  86)  3.2211  4.2857  2.3910  (  87)  0.2176  6.2217  4.6176  (  88)  7.2222  6.5644  1.8080
   (  89)  0.6706  4.8374  4.1849  (  90)  1.2896  2.5463  1.3168  (  91)  2.6085  7.6053  5.8118  (  92)  0.4858  7.4085  6.1848
   (  93)  1.4915  1.4609  0.0338  (  94)  0.5987  0.7745  3.8260  (  95)  1.8152  5.2491  5.5692  (  96)  0.0802  6.5356  7.1015
   (  97)  2.7083  3.8625  7.5340  (  98)  2.7937  4.7934  7.1545  (  99)  0.6095  5.8739  5.5157  ( 100)  0.9132  6.6546  1.1982
   ( 101)  2.8232  7.5810  4.7463  ( 102)  4.5853  0.4131  7.6415  ( 103)  1.5195  6.4274  2.2319  ( 104)  2.0715  3.5579  3.7342
   ( 105)  3.4325  0.2835  1.7636  ( 106)  1.5027  1.6030  3.1014  ( 107)  0.6491  5.6418  2.5091  ( 108)  2.8726  6.6671  5.2419
   ( 109)  4.2973  0.6700  2.0485  ( 110)  2.2542  1.6328  3.8013  ( 111)  4.1205  7.5751  4.6270  ( 112)  3.3943  0.1992  3.7991
   ( 113)  2.2616  0.6116  5.1848  ( 114)  2.4733  0.6521  4.0476  ( 115)  1.1827  5.5758  4.6842  ( 116)  7.4228  0.5011  6.2827
   ( 117)  1.2466  0.1739  5.3651  ( 118)  6.1062  7.0149  7.1117  ( 119)  3.2462  0.4018  7.4569  ( 120)  1.6988  0.6770  0.7550
   ( 121)  2.2100  1.1565  1.5853  ( 122)  2.1473  2.2389  1.6061  ( 123)  1.4511  1.6228  2.0401  ( 124)  1.2462  4.8588  2.2394
   ( 125)  2.9723  2.6612  1.1621  ( 126)  2.2387  2.8668  0.5726  ( 127)  3.3064  1.9611  2.7894  ( 128)  7.5217  4.2892  1.2139
   ( 129)  2.1826  4.1819  1.9186  ( 130)  1.6488  2.5473  3.5611  ( 131)  3.3206  1.4911  3.6848  ( 132)  0.9905  1.4974  6.7814
   ( 133)  1.2659  2.8056  5.5652  ( 134)  3.5693  1.3275  6.1211  ( 135)  0.6975  0.0072  4.3380  ( 136)  2.5912  1.2855  0.1330
   ( 137)  1.1117  2.5088  0.2591  ( 138)  2.2675  2.4279  5.4291  ( 139)  0.5841  2.7082  6.2816  ( 140)  1.9101  1.8590  0.7875
   ( 141)  1.1428  2.4582  6.9454  ( 142)  2.3240  3.9361  0.8625  ( 143)  3.1790  3.4141  0.5492  ( 144)  3.1281  3.8207  5.5226
   ( 145)  3.9225  4.5905  1.5948  ( 146)  2.9558  6.2008  1.6338  ( 147)  3.9119  2.8860  1.4647  ( 148)  2.9345  4.5298  1.3572
   ( 149)  2.1206  3.2037  1.5716  ( 150)  1.5035  4.3553  2.9759  ( 151)  1.5509  2.0112  4.7501  ( 152)  7.3328  4.4195  4.4743
   ( 153)  1.9288  0.5731  7.4387  ( 154)  2.5118  2.5526  4.1489  ( 155)  1.5729  4.4526  6.0990  ( 156)  2.4858  3.3645  4.8080
   ( 157)  2.7029  3.7299  6.4642  ( 158)  0.6924  1.9200  5.5929  ( 159)  1.7476  3.2313  7.3663  ( 160)  5.8227  3.1705  6.2450
   ( 161)  4.4810  3.8058  6.5253  ( 162)  2.2393  4.4420  5.2137  ( 163)  1.9893  3.5032  2.6276  ( 164)  3.7995  3.8232  7.4124
   ( 165)  2.5990  4.1960  3.2225  ( 166)  1.8765  4.2255  7.0578  ( 167)  3.0059  7.1949  1.2273  ( 168)  4.3320  5.6643  4.3095
   ( 169)  3.1577  3.6332  1.5866  ( 170)  1.9577  5.7919  2.9721  ( 171)  1.5615  2.9964  4.5267  ( 172)  7.5428  6.5939  5.9318
   ( 173)  0.3599  3.7912  4.6143  ( 174)  1.2917  3.5625  6.4547  ( 175)  3.1507  3.0030  6.0761  ( 176)  2.0701  2.9598  6.3456
   ( 177)  0.9199  3.7177  5.5601  ( 178)  0.9496  4.7570  5.2232  ( 179)  6.9661  6.3314  5.1088  ( 180)  2.3355  6.9972  1.9327
   ( 181)  2.6194  6.4460  7.2423  ( 182)  2.8813  1.5967  1.0913  ( 183)  1.4569  5.2791  7.3560  ( 184)  2.7104  6.4693  0.6124
   ( 185)  1.0349  0.7760  1.6354  ( 186)  3.7276  7.6477  0.6075  ( 187)  2.7454  5.4433  0.9304  ( 188)  2.2164  6.7285  2.9617
   ( 189)  1.9836  6.3382  1.2298  ( 190)  1.3281  6.6428  4.4317  ( 191)  3.9903  6.5397  5.1068  ( 192)  1.1537  6.2848  3.0939
   ( 193)  3.3056  4.7350  5.1856  ( 194)  1.7522  6.0859  6.8123  ( 195)  1.3154  3.8722  4.6926  ( 196)  3.8891  5.5388  5.1365
   ( 197)  0.0614  5.1987  5.1195  ( 198)  2.6564  4.2887  4.2062  ( 199)  1.5645  6.1317  5.7832  ( 200)  3.4873  6.4690  6.0253
   ( 201)  4.2676  7.0661  6.2557  ( 202)  3.1595  7.1699  6.7084  ( 203)  1.7018  7.6323  2.6475  ( 204)  3.7420  1.1042  1.1404
   ( 205)  2.7990  0.5611  0.9124  ( 206)  2.7514  2.7583  2.1985  ( 207)  0.7008  2.7179  2.2446  ( 208)  3.2588  5.8097  0.1575
   ( 209)  3.7814  7.4907  2.8259  ( 210)  3.5806  6.8444  2.1583  ( 211)  4.1820  0.8744  3.8855  ( 212)  4.2341  1.9172  4.2160
   ( 213)  2.8492  5.7112  5.6305  ( 214)  3.4069  6.9334  4.1193  ( 215)  2.5486  1.2805  5.8628  ( 216)  3.2803  0.7045  5.4363
   ( 217)  2.6535  2.1265  6.4289  ( 218)  4.2980  0.5122  5.4599  ( 219)  3.9961  1.4563  5.1559  ( 220)  3.5519  7.3233  5.4933
   ( 221)  2.7842  0.9314  3.1832  ( 222)  5.7484  1.0949  6.4158  ( 223)  4.5568  1.1538  0.5201  ( 224)  2.9955  1.0886  2.1626
   ( 225)  3.8993  2.6489  2.5362  ( 226)  4.4481  5.1543  3.4365  ( 227)  4.2558  3.0764  4.1346  ( 228)  2.3925  1.8489  2.6462
   ( 229)  3.7199  0.9328  2.9017  ( 230)  3.2839  2.9309  4.9906  ( 231)  5.0005  1.8210  5.1885  ( 232)  1.7577  0.0228  4.4394
   ( 233)  3.1942  2.1436  5.5787  ( 234)  2.5411  1.4880  4.8196  ( 235)  5.0620  2.6461  4.3806  ( 236)  4.0564  2.3959  6.0295
   ( 237)  4.0310  7.4849  7.0981  ( 238)  2.0307  1.3789  6.6835  ( 239)  6.4144  2.1936  6.5257  ( 240)  4.7927  5.1112  1.2107
   ( 241)  3.7320  2.8655  0.0024  ( 242)  5.3427  3.7435  6.9551  ( 243)  3.4611  1.9752  1.8056  ( 244)  4.5946  4.6030  7.2719
   ( 245)  4.3489  2.3034  3.2761  ( 246)  5.7376  4.6962  1.9328  ( 247)  5.0878  2.2569  2.6826  ( 248)  3.3393  2.1371  4.3940
   ( 249)  3.1310  3.4151  3.8461  ( 250)  1.5565  2.0954  6.0871  ( 251)  5.4141  2.8937  5.2849  ( 252)  3.6163  3.8721  4.6276
   ( 253)  4.0174  3.4746  5.5061  ( 254)  3.0904  5.9313  4.5416  ( 255)  4.8177  2.8891  6.0270  ( 256)  6.3044  5.5854  6.0474
   ( 257)  2.7716  2.8494  7.1791  ( 258)  4.3849  4.0403  3.9466  ( 259)  4.1104  0.9806  6.8635  ( 260)  5.9371  3.6652  5.1715
   ( 261)  5.2616  5.1577  0.2799  ( 262)  4.1992  7.2250  1.3832  ( 263)  3.1543  6.9823  3.1616  ( 264)  5.3333  6.4171  0.1996
   ( 265)  4.1707  4.9142  0.4093  ( 266)  3.6886  6.4585  0.9614  ( 267)  4.8593  6.3437  2.6131  ( 268)  2.3266  5.0406  3.6529
   ( 269)  2.9429  6.0419  2.5764  ( 270)  4.6316  7.2327  2.3178  ( 271)  3.2022  3.4249  2.7922  ( 272)  2.6856  6.0921  3.5638
   ( 273)  3.5523  4.2037  3.4369  ( 274)  5.0732  3.8083  5.6988  ( 275)  4.2099  4.7013  4.7194  ( 276)  4.8521  5.2427  5.4381
   ( 277)  3.5766  4.2420  6.4907  ( 278)  4.1625  4.3494  5.7077  ( 279)  6.9106  6.2908  6.7306  ( 280)  3.7654  3.2016  6.6803
   ( 281)  3.2652  4.4656  0.3904  ( 282)  4.7655  5.3861  6.7838  ( 283)  2.2666  0.2280  1.8295  ( 284)  2.7872  0.1049  2.5955
   ( 285)  4.3458  5.7180  7.6493  ( 286)  5.7054  1.0486  1.3052  ( 287)  1.8054  5.8963  3.9497  ( 288)  3.4292  4.9557  4.2189
   ( 289)  5.1762  7.0283  3.4064  ( 290)  4.4465  6.1011  5.9147  ( 291)  5.0937  5.9832  3.5943  ( 292)  1.9309  7.0512  5.1931
   ( 293)  3.3348  5.0523  3.0938  ( 294)  4.4747  6.5917  4.1918  ( 295)  4.8448  0.2654  6.5652  ( 296)  3.9135  5.3055  6.1277
   ( 297)  2.8215  4.6823  6.0699  ( 298)  5.1227  7.3306  7.3482  ( 299)  4.2995  6.7986  0.1783  ( 300)  3.8801  6.2680  7.0105
   ( 301)  5.6228  0.5126  2.8854  ( 302)  5.7903  0.4224  7.2045  ( 303)  6.1819  1.1257  2.2698  ( 304)  4.6498  1.3094  3.1684
   ( 305)  5.6672  1.3921  3.2792  ( 306)  7.0168  1.5190  2.9624  ( 307)  4.6571  0.3440  2.9090  ( 308)  4.7920  0.8796  4.7119
   ( 309)  5.5414  6.6097  4.3051  ( 310)  5.1202  0.5632  3.7712  ( 311)  6.6534  0.5163  5.5911  ( 312)  4.3045  2.6012  5.0556
   ( 313)  2.5567  5.2090  4.6822  ( 314)  0.6719  6.9347  0.2562  ( 315)  5.4527  2.1540  6.0740  ( 316)  3.4351  0.8537  4.5199
   ( 317)  6.7455  1.3352  4.8096  ( 318)  4.5136  3.0289  0.6639  ( 319)  3.7022  0.3317  6.2198  ( 320)  3.0023  1.2830  6.9607
   ( 321)  4.7056  1.4800  1.4049  ( 322)  4.6035  2.1709  0.1253  ( 323)  5.4512  1.7196  0.4689  ( 324)  4.9224  3.4363  1.4074
   ( 325)  4.7339  2.3812  1.7010  ( 326)  4.9756  3.0123  3.4737  ( 327)  6.1161  2.2100  2.5652  ( 328)  4.2906  1.6690  2.2783
   ( 329)  5.1775  1.6431  4.0754  ( 330)  4.7684  3.1663  2.4594  ( 331)  6.2818  1.6818  5.6048  ( 332)  4.0973  3.4510  3.1850
   ( 333)  5.8849  2.0606  4.6909  ( 334)  7.4198  1.2066  5.6079  ( 335)  5.3337  3.2304  0.2561  ( 336)  5.7456  1.1100  4.9619
   ( 337)  0.7356  0.9743  4.9070  ( 338)  6.3937  3.9930  6.8933  ( 339)  6.2402  5.2976  0.1741  ( 340)  3.6850  1.3476  0.0964
   ( 341)  4.1670  4.4860  2.7737  ( 342)  5.9968  7.3457  0.3071  ( 343)  6.4414  4.3905  0.8628  ( 344)  5.0402  7.3171  0.6813
   ( 345)  3.9648  3.6292  2.0793  ( 346)  5.3386  5.7882  1.7701  ( 347)  2.5077  2.7677  3.1523  ( 348)  4.6705  6.1518  0.9055
   ( 349)  0.1445  3.1655  3.1603  ( 350)  5.1682  4.7210  3.8490  ( 351)  5.3618  5.0033  2.8686  ( 352)  4.3200  6.1926  1.8481
   ( 353)  3.5437  2.6774  3.5349  ( 354)  3.5822  5.8655  3.7073  ( 355)  5.6220  2.9143  1.9939  ( 356)  5.3210  4.3961  4.8612
   ( 357)  4.7524  3.5612  4.8400  ( 358)  5.8503  6.0732  7.0052  ( 359)  5.7051  5.0069  6.9055  ( 360)  4.4482  5.1843  2.1993
   ( 361)  5.4245  4.3049  0.9444  ( 362)  6.8781  1.3116  6.4648  ( 363)  5.8863  5.2783  1.0882  ( 364)  4.6605  0.3628  1.1960
   ( 365)  4.1319  6.6107  3.2671  ( 366)  6.2441  6.8163  1.8247  ( 367)  4.3465  7.5142  3.7140  ( 368)  5.6767  7.0732  2.5997
   ( 369)  4.9770  4.6072  6.2480  ( 370)  5.7428  7.2138  5.3689  ( 371)  7.2188  4.5515  2.5643  ( 372)  3.8896  5.8291  2.6915
   ( 373)  5.3340  5.4727  4.4884  ( 374)  6.8922  5.7249  3.3769  ( 375)  6.9439  4.7029  6.0982  ( 376)  5.3028  6.9527  6.3345
   ( 377)  4.8255  6.3750  6.9352  ( 378)  5.3770  5.8907  6.0706  ( 379)  7.1008  7.2454  6.4932  ( 380)  6.7819  0.6012  7.1565
   ( 381)  3.7951  5.5012  1.2022  ( 382)  7.1485  1.9204  7.4290  ( 383)  0.9089  0.0945  0.9540  ( 384)  5.5140  0.5734  0.4721
   ( 385)  5.7845  5.9240  2.6825  ( 386)  5.2778  0.1586  1.9762  ( 387)  6.6559  7.3602  3.2131  ( 388)  2.3517  7.5486  3.3781
   ( 389)  4.9793  4.0264  3.0273  ( 390)  7.6534  6.3477  3.1064  ( 391)  6.5143  6.9613  4.5023  ( 392)  6.3054  5.8837  4.3662
   ( 393)  5.9387  4.2877  6.0279  ( 394)  4.7006  1.3062  5.9922  ( 395)  6.0914  0.8494  4.1286  ( 396)  4.6705  7.2743  5.4370
   ( 397)  3.3275  6.9033  7.5972  ( 398)  6.1045  7.6484  6.2821  ( 399)  5.2487  6.8064  1.5176  ( 400)  5.1237  7.5162  4.5463
   ( 401)  7.3333  1.6643  1.1193  ( 402)  3.8990  2.1424  0.9104  ( 403)  6.3945  1.6069  0.7122  ( 404)  0.8786  0.6665  2.6970
   ( 405)  5.2295  1.2747  2.3248  ( 406)  5.9712  2.5202  0.1840  ( 407)  7.4216  0.4909  2.8037  ( 408)  6.3073  2.5238  1.2233
   ( 409)  6.5253  0.6755  3.2680  ( 410)  6.6650  6.4017  2.7018  ( 411)  0.7402  7.0207  5.2461  ( 412)  5.2850  0.4183  5.6042
   ( 413)  0.7289  6.3606  6.4171  ( 414)  0.2764  1.4439  2.9990  ( 415)  2.4429  6.5890  6.1207  ( 416)  0.1761  7.6237  7.2226
   ( 417)  4.7588  4.0255  0.2815  ( 418)  6.6948  1.8463  1.8686  ( 419)  6.0617  1.6187  7.3650  ( 420)  7.3586  1.0564  0.4068
   ( 421)  5.8214  4.2861  7.6097  ( 422)  4.8627  4.1996  2.0126  ( 423)  5.3801  2.5604  0.9699  ( 424)  3.5958  2.1189  6.9796
   ( 425)  7.5284  3.6218  2.2170  ( 426)  6.4240  6.3631  0.1364  ( 427)  1.2617  3.5257  1.9620  ( 428)  6.6125  4.1028  1.8163
   ( 429)  7.3171  2.4312  2.5166  ( 430)  7.0141  3.4792  1.0591  ( 431)  7.0868  0.0168  1.5434  ( 432)  6.5817  4.3623  5.1332
   ( 433)  0.1056  1.6760  4.5293  ( 434)  6.5338  1.7045  3.9451  ( 435)  7.1429  2.9581  6.3577  ( 436)  7.3495  3.5859  7.2717
   ( 437)  4.6135  1.9451  6.8304  ( 438)  0.3729  3.3753  1.5072  ( 439)  6.2665  3.4346  0.2038  ( 440)  7.1957  2.6510  0.3722
   ( 441)  4.0071  3.8868  0.9983  ( 442)  5.9697  0.0471  1.2439  ( 443)  6.8935  6.0548  0.9715  ( 444)  6.9679  5.0674  1.5538
   ( 445)  5.9386  4.3150  3.2528  ( 446)  6.4167  5.7813  1.8824  ( 447)  5.7088  3.8155  2.3933  ( 448)  6.6434  3.1278  2.1538
   ( 449)  6.9352  3.5835  3.0493  ( 450)  0.6893  5.0927  0.9927  ( 451)  5.4979  3.7559  4.1004  ( 452)  3.2489  5.3131  2.0881
   ( 453)  5.9053  3.2067  3.1010  ( 454)  6.5077  2.9871  7.1152  ( 455)  6.9322  3.2687  4.9558  ( 456)  6.2144  2.8924  4.3077
   ( 457)  6.8660  4.4032  7.6456  ( 458)  5.9205  6.1463  5.1589  ( 459)  7.2158  2.5906  1.5264  ( 460)  4.6486  3.0924  7.1829
   ( 461)  6.3271  4.9858  2.6192  ( 462)  0.3207  4.7829  1.9527  ( 463)  5.9097  6.3002  1.0266  ( 464)  6.6441  0.3885  0.4194
   ( 465)  6.6516  7.0419  0.9649  ( 466)  2.2836  4.8891  2.6166  ( 467)  1.2977  5.6881  1.5942  ( 468)  5.9930  5.4082  3.5663
   ( 469)  7.5768  4.1553  5.4328  ( 470)  0.1130  0.1679  5.3519  ( 471)  7.5548  7.1981  4.5872  ( 472)  6.4535  3.8624  4.0382
   ( 473)  7.3460  3.2358  4.0505  ( 474)  0.5317  5.7521  3.8202  ( 475)  6.7753  3.6448  5.9398  ( 476)  7.3777  5.6908  5.9666
   ( 477)  6.2576  6.6679  5.9790  ( 478)  5.8243  5.0318  5.3512  ( 479)  0.0519  5.1405  3.2013  ( 480)  7.0242  7.0783  7.6586
   ( 481)  7.6598  0.0718  0.5634  ( 482)  1.0484  7.0377  7.0547  ( 483)  1.2087  7.3514  1.8685  ( 484)  6.3815  0.1694  2.3390
   ( 485)  7.2631  5.6565  2.4488  ( 486)  5.6653  1.9291  1.6765  ( 487)  6.8844  4.7163  3.5245  ( 488)  5.7844  2.3607  3.5975
   ( 489)  7.1930  6.5401  4.0450  ( 490)  1.0269  0.4377  6.8555  ( 491)  5.8925  7.4771  3.8507  ( 492)  6.0992  0.1530  4.8775
   ( 493)  6.0551  6.4876  3.5204  ( 494)  6.8351  0.1206  4.1321  ( 495)  2.1000  6.1034  4.9505  ( 496)  6.8747  7.2923  5.3471
   ( 497)  0.8991  6.0929  7.4102  ( 498)  6.9746  2.3077  4.5856  ( 499)  2.3244  5.5930  7.5732  ( 500)  5.0712  1.2657  7.2670


                                                                                                                             PAGE   1

    N       F       V       DIST(1)        N3 N4 N5----                      SPEC.AREA               SPEC.VOL.     NDSPL NCMP JRANGE

     1      13      22      9.25814E-01  (  0  2  8  3  0  0  0  0  0  0 )   9.57909E-01             9.13380E-01     0     0    41
     2      13      22      9.12495E-01  (  0  1 10  2  0  0  0  0  0  0 )   9.76809E-01             9.48757E-01     0     0    40
     3      15      26      9.34755E-01  (  0  5  4  4  2  0  0  0  0  0 )   1.07325E+00             1.09177E+00     0     0    39
     4      15      26      9.34755E-01  (  0  4  6  3  2  0  0  0  0  0 )   1.03370E+00             1.03230E+00     0     0    40
     5      14      24      9.68330E-01  (  1  2  6  4  1  0  0  0  0  0 )   9.99433E-01             9.86808E-01     0     0    40
     6      15      26      1.01203E+00  (  0  3  7  4  1  0  0  0  0  0 )   1.07257E+00             1.09827E+00     0     0    41
     7      13      22      9.69125E-01  (  0  3  6  4  0  0  0  0  0  0 )   1.00123E+00             9.89543E-01     0     0    40
     8      12      20      9.36111E-01  (  0  2  8  2  0  0  0  0  0  0 )   9.33202E-01             8.81343E-01     0     0    46
     9      15      26      9.53377E-01  (  0  3  7  4  1  0  0  0  0  0 )   1.01033E+00             1.00716E+00     0     0    38
    10      15      26      9.60355E-01  (  0  2  8  5  0  0  0  0  0  0 )   1.01723E+00             1.01250E+00     0     0    41

    11      14      24      9.53592E-01  (  1  4  4  3  1  1  0  0  0  0 )   1.02281E+00             1.01733E+00     0     0    43
    12      14      24      8.87292E-01  (  0  1 10  3  0  0  0  0  0  0 )   9.81420E-01             9.45942E-01     0     0    41
    13      15      26      9.88361E-01  (  0  4  4  7  0  0  0  0  0  0 )   1.01574E+00             1.03407E+00     0     0    42
    14      15      26      9.19866E-01  (  1  1  9  2  2  0  0  0  0  0 )   1.06082E+00             1.05953E+00     0     0    40
    15      14      24      9.23459E-01  (  2  4  1  4  3  0  0  0  0  0 )   1.00219E+00             9.73921E-01     0     0    41
    16      14      24      1.00494E+00  (  0  4  5  4  1  0  0  0  0  0 )   1.00845E+00             1.00183E+00     0     0    42
    17      16      28      1.01200E+00  (  3  3  4  1  3  2  0  0  0  0 )   1.04560E+00             1.06126E+00     0     0    41
    18      16      28      9.86530E-01  (  2  0  9  3  1  1  0  0  0  0 )   1.03822E+00             1.05877E+00     0     0    43
    19      13      22      9.95492E-01  (  0  1 10  2  0  0  0  0  0  0 )   1.02666E+00             1.03949E+00     0     0    39
    20      14      24      9.52636E-01  (  1  2  7  2  2  0  0  0  0  0 )   9.92448E-01             9.70642E-01     0     0    44

    21      12      20      9.69688E-01  (  0  3  6  3  0  0  0  0  0  0 )   1.06265E+00             1.07091E+00     0     0    38
    22      15      26      9.93806E-01  (  1  3  5  4  2  0  0  0  0  0 )   1.04033E+00             1.05944E+00     0     0    43
    23      14      24      9.44910E-01  (  0  3  7  3  1  0  0  0  0  0 )   1.01756E+00             1.02203E+00     0     0    39
    24      15      26      9.66892E-01  (  0  2  8  5  0  0  0  0  0  0 )   1.01225E+00             1.01416E+00     0     0    38
    25      14      24      9.50592E-01  (  0  5  3  5  1  0  0  0  0  0 )   1.00469E+00             9.80504E-01     0     0    41
    26      14      24      9.73942E-01  (  0  4  4  6  0  0  0  0  0  0 )   9.88628E-01             9.74973E-01     0     0    40
    27      13      22      9.34029E-01  (  1  2  6  3  1  0  0  0  0  0 )   9.92771E-01             9.73133E-01     0     0    41
    28      14      24      9.97338E-01  (  0  6  0  8  0  0  0  0  0  0 )   1.01958E+00             1.02425E+00     0     0    40
    29      15      26      9.83039E-01  (  2  4  2  3  4  0  0  0  0  0 )   9.90719E-01             9.67216E-01     0     0    43
    30      14      24      9.44129E-01  (  0  3  7  3  1  0  0  0  0  0 )   1.01573E+00             1.00612E+00     0     0    42

    31      14      24      1.02034E+00  (  0  1 10  3  0  0  0  0  0  0 )   1.02329E+00             1.04112E+00     0     0    39
    32      14      24      9.75603E-01  (  0  1 10  3  0  0  0  0  0  0 )   1.01945E+00             1.03349E+00     0     0    43
    33      15      26      9.25868E-01  (  1  1  8  4  1  0  0  0  0  0 )   1.04363E+00             1.05766E+00     0     0    38
    34      15      26      9.66879E-01  (  0  5  3  6  1  0  0  0  0  0 )   1.03848E+00             1.04929E+00     0     0    42
    35      14      24      9.97511E-01  (  1  3  4  5  1  0  0  0  0  0 )   1.01931E+00             1.03135E+00     0     0    40
    36      13      22      9.82787E-01  (  0  1 10  2  0  0  0  0  0  0 )   9.96337E-01             9.93801E-01     0     0    38
    37      13      22      9.28060E-01  (  1  3  4  4  1  0  0  0  0  0 )   9.42091E-01             8.93378E-01     0     0    40
    38      14      24      9.77725E-01  (  0  2  8  4  0  0  0  0  0  0 )   9.82829E-01             9.84971E-01     0     0    42
    39      16      28      9.60242E-01  (  0  3  6  7  0  0  0  0  0  0 )   1.01520E+00             1.02190E+00     0     0    42
    40      15      26      9.86845E-01  (  0  4  4  7  0  0  0  0  0  0 )   1.05408E+00             1.08480E+00     0     0    41

    41      16      28      9.93626E-01  (  2  3  4  3  4  0  0  0  0  0 )   1.03393E+00             1.03293E+00     0     0    41
    42      13      22      9.74327E-01  (  0  1 10  2  0  0  0  0  0  0 )   9.87064E-01             9.58079E-01     0     0    43
    43      14      24      9.26558E-01  (  2  2  4  4  2  0  0  0  0  0 )   9.97929E-01             9.74883E-01     0     0    40
    44      13      22      9.89487E-01  (  0  3  6  4  0  0  0  0  0  0 )   1.03894E+00             1.03339E+00     0     0    40
    45      15      26      9.64364E-01  (  1  3  5  4  2  0  0  0  0  0 )   1.01722E+00             1.00526E+00     0     0    40
    46      15      26      9.40128E-01  (  0  4  5  5  1  0  0  0  0  0 )   1.06497E+00             1.07301E+00     0     0    41
    47      12      20      9.74186E-01  (  0  3  6  3  0  0  0  0  0  0 )   9.91799E-01             9.59404E-01     0     0    39
    48      14      24      9.58418E-01  (  0  6  0  8  0  0  0  0  0  0 )   9.78677E-01             9.58492E-01     0     0    44
    49      14      24      9.75774E-01  (  1  2  7  2  2  0  0  0  0  0 )   1.00327E+00             9.90756E-01     0     0    40
    50      14      24      9.74473E-01  (  0  3  6  5  0  0  0  0  0  0 )   9.81432E-01             9.43261E-01     0     0    42


                                                                                                                             PAGE   2

    N       F       V       DIST(1)        N3 N4 N5----                      SPEC.AREA               SPEC.VOL.     NDSPL NCMP JRANGE

    51      14      24      9.19866E-01  (  0  5  4  3  2  0  0  0  0  0 )   1.03630E+00             1.02446E+00     0     0    38
    52      14      24      9.99929E-01  (  0  3  6  5  0  0  0  0  0  0 )   9.99217E-01             9.95427E-01     0     0    41
    53      14      24      9.85436E-01  (  0  3  6  5  0  0  0  0  0  0 )   9.98063E-01             9.94606E-01     0     0    41
    54      15      26      9.52588E-01  (  1  3  5  4  2  0  0  0  0  0 )   1.03013E+00             1.02718E+00     0     0    38
    55      13      22      1.00356E+00  (  0  3  6  4  0  0  0  0  0  0 )   1.00457E+00             9.96330E-01     0     0    41
    56      12      20      1.00256E+00  (  0  2  8  2  0  0  0  0  0  0 )   1.01874E+00             1.02249E+00     0     0    41
    57      15      26      9.66879E-01  (  1  3  4  6  1  0  0  0  0  0 )   1.00330E+00             9.92492E-01     0     0    40
    58      15      26      9.85302E-01  (  0  1 10  4  0  0  0  0  0  0 )   9.90420E-01             9.93342E-01     0     0    43
    59      16      28      9.54774E-01  (  1  2  7  4  2  0  0  0  0  0 )   1.01688E+00             1.02530E+00     0     0    45
    60      15      26      9.44635E-01  (  2  2  5  3  3  0  0  0  0  0 )   1.00825E+00             9.79930E-01     0     0    44

    61      15      26      9.75184E-01  (  0  5  3  6  1  0  0  0  0  0 )   1.03129E+00             1.02054E+00     0     1    55
    62      15      26      9.50592E-01  (  0  3  7  4  1  0  0  0  0  0 )   1.02266E+00             1.02528E+00     0     0    39
    63      14      24      9.76605E-01  (  2  1  7  2  1  1  0  0  0  0 )   1.01684E+00             1.01352E+00     0     0    43
    64      17      30      9.69688E-01  (  3  2  4  3  5  0  0  0  0  0 )   1.08690E+00             1.10209E+00     0     0    40
    65      16      28      9.18999E-01  (  4  1  4  3  2  2  0  0  0  0 )   1.03755E+00             1.03078E+00     0     1    56
    66      14      24      9.56881E-01  (  0  3  6  5  0  0  0  0  0  0 )   1.01333E+00             9.99350E-01     0     0    39
    67      14      24      9.76009E-01  (  2  2  4  4  2  0  0  0  0  0 )   1.02278E+00             1.00093E+00     0     0    41
    68      12      20      8.98454E-01  (  0  3  6  3  0  0  0  0  0  0 )   9.89801E-01             9.60740E-01     0     0    46
    69      15      26      9.30953E-01  (  0  3  6  6  0  0  0  0  0  0 )   1.04711E+00             1.06572E+00     0     0    42
    70      14      24      9.21929E-01  (  0  3  6  5  0  0  0  0  0  0 )   1.01412E+00             1.01235E+00     0     0    40

    71      14      24      9.58184E-01  (  0  3  6  5  0  0  0  0  0  0 )   1.03386E+00             1.03748E+00     0     0    41
    72      13      22      9.73819E-01  (  0  3  6  4  0  0  0  0  0  0 )   1.00635E+00             9.96254E-01     0     1    56
    73      12      20      9.65960E-01  (  0  3  6  3  0  0  0  0  0  0 )   9.65957E-01             9.33549E-01     0     0    41
    74      14      24      9.33607E-01  (  0  2  8  4  0  0  0  0  0  0 )   1.01656E+00             1.00883E+00     0     0    41
    75      14      24      9.22835E-01  (  1  1  8  3  1  0  0  0  0  0 )   9.85403E-01             9.67004E-01     0     0    43
    76      15      26      9.29022E-01  (  1  3  6  3  1  1  0  0  0  0 )   1.01430E+00             1.00320E+00     0     0    41
    77      15      26      1.00767E+00  (  1  3  4  6  1  0  0  0  0  0 )   1.02865E+00             1.01628E+00     0     0    44
    78      15      26      9.70124E-01  (  1  2  7  3  2  0  0  0  0  0 )   9.90312E-01             9.84005E-01     0     0    41
    79      15      26      1.02032E+00  (  1  3  4  6  1  0  0  0  0  0 )   1.02440E+00             1.01938E+00     0     0    38
    80      13      22      1.00498E+00  (  0  3  6  4  0  0  0  0  0  0 )   1.02343E+00             1.02894E+00     0     0    42

    81      16      28      1.00001E+00  (  0  3  7  5  1  0  0  0  0  0 )   1.03948E+00             1.06626E+00     0     0    43
    82      14      24      1.00443E+00  (  0  4  4  6  0  0  0  0  0  0 )   1.00778E+00             1.00268E+00     0     0    41
    83      14      24      9.33047E-01  (  1  3  3  7  0  0  0  0  0  0 )   1.01747E+00             1.00388E+00     0     1    54
    84      13      22      9.74125E-01  (  0  1 10  2  0  0  0  0  0  0 )   9.66499E-01             9.41437E-01     0     0    44
    85      16      28      9.36111E-01  (  0  3  7  5  1  0  0  0  0  0 )   1.03580E+00             1.04365E+00     0     0    42
    86      13      22      9.49883E-01  (  1  2  6  3  1  0  0  0  0  0 )   9.73461E-01             9.52981E-01     0     0    42
    87      12      20      9.51687E-01  (  0  3  6  3  0  0  0  0  0  0 )   9.99869E-01             9.81151E-01     0     0    38
    88      13      22      9.33047E-01  (  0  3  6  4  0  0  0  0  0  0 )   9.89719E-01             9.62446E-01     0     0    43
    89      13      22      9.94538E-01  (  0  3  6  4  0  0  0  0  0  0 )   1.02053E+00             1.02671E+00     0     0    41
    90      15      26      9.56024E-01  (  0  2  8  5  0  0  0  0  0  0 )   1.01403E+00             1.03063E+00     0     0    40

    91      16      28      9.82379E-01  (  0  4  4  8  0  0  0  0  0  0 )   1.02180E+00             1.03778E+00     0     0    41
    92      14      24      1.00665E+00  (  1  1  8  3  1  0  0  0  0  0 )   1.01671E+00             1.02344E+00     0     0    42
    93      13      22      9.49561E-01  (  1  2  6  3  1  0  0  0  0  0 )   9.79200E-01             9.57199E-01     0     0    39
    94      14      24      9.27777E-01  (  0  3  6  5  0  0  0  0  0  0 )   1.04960E+00             1.05157E+00     0     1    52
    95      13      22      9.42099E-01  (  0  4  4  5  0  0  0  0  0  0 )   9.85908E-01             9.65613E-01     0     0    39
    96      13      22      9.46114E-01  (  0  1 10  2  0  0  0  0  0  0 )   9.65224E-01             9.37324E-01     0     0    40
    97      14      24      9.41416E-01  (  3  2  3  3  2  1  0  0  0  0 )   1.00837E+00             9.86094E-01     0     0    41
    98      14      24      9.73582E-01  (  0  4  4  6  0  0  0  0  0  0 )   1.00739E+00             9.96237E-01     0     0    40
    99      15      26      9.55611E-01  (  1  4  3  5  2  0  0  0  0  0 )   1.02215E+00             1.00541E+00     0     0    41
   100      15      26      9.77423E-01  (  0  5  2  8  0  0  0  0  0  0 )   1.04540E+00             1.05605E+00     0     1    56


                                                                                                                             PAGE   3

    N       F       V       DIST(1)        N3 N4 N5----                      SPEC.AREA               SPEC.VOL.     NDSPL NCMP JRANGE

   101      14      24      9.96248E-01  (  0  0 12  2  0  0  0  0  0  0 )   1.00718E+00             1.01765E+00     0     0    43
   102      14      24      9.19550E-01  (  0  5  3  5  1  0  0  0  0  0 )   1.00481E+00             9.93403E-01     0     0    38
   103      13      22      9.47131E-01  (  0  3  6  4  0  0  0  0  0  0 )   9.86169E-01             9.64785E-01     0     1    58
   104      16      28      9.73275E-01  (  0  2  8  6  0  0  0  0  0  0 )   1.06921E+00             1.11419E+00     0     0    41
   105      15      26      9.89208E-01  (  0  4  5  5  1  0  0  0  0  0 )   1.05018E+00             1.05751E+00     0     0    40
   106      14      24      1.00386E+00  (  0  3  6  5  0  0  0  0  0  0 )   1.04872E+00             1.06063E+00     0     0    39
   107      14      24      9.58418E-01  (  0  4  4  6  0  0  0  0  0  0 )   9.86943E-01             9.68795E-01     0     0    41
   108      13      22      9.77336E-01  (  1  0  9  3  0  0  0  0  0  0 )   9.53084E-01             9.22767E-01     0     0    41
   109      14      24      9.76263E-01  (  1  3  4  5  1  0  0  0  0  0 )   1.02513E+00             1.01864E+00     0     0    42
   110      15      26      1.01645E+00  (  2  2  4  6  0  1  0  0  0  0 )   1.06329E+00             1.08183E+00     0     0    42

   111      15      26      9.42455E-01  (  0  3  6  6  0  0  0  0  0  0 )   1.00786E+00             1.01352E+00     0     0    42
   112      14      24      9.74453E-01  (  0  1 10  3  0  0  0  0  0  0 )   1.00028E+00             1.00331E+00     0     0    46
   113      13      22      9.82379E-01  (  0  3  6  4  0  0  0  0  0  0 )   9.81382E-01             9.61695E-01     0     0    41
   114      12      20      9.60125E-01  (  0  0 12  0  0  0  0  0  0  0 )   9.78303E-01             9.59741E-01     0     0    42
   115      14      24      9.58184E-01  (  0  4  4  6  0  0  0  0  0  0 )   1.01679E+00             1.00910E+00     0     0    40
   116      14      24      9.76287E-01  (  2  2  4  4  2  0  0  0  0  0 )   9.97055E-01             9.69963E-01     0     0    42
   117      15      26      9.70063E-01  (  1  3  4  6  1  0  0  0  0  0 )   1.03669E+00             1.05088E+00     0     0    42
   118      14      24      9.28920E-01  (  0  2  8  4  0  0  0  0  0  0 )   1.00038E+00             9.94450E-01     0     0    40
   119      15      26      1.00501E+00  (  2  3  3  5  1  1  0  0  0  0 )   1.05324E+00             1.06861E+00     0     0    42
   120      14      24      1.00142E+00  (  0  3  6  5  0  0  0  0  0  0 )   1.00727E+00             1.02047E+00     0     0    43

   121      13      22      9.42530E-01  (  0  3  6  4  0  0  0  0  0  0 )   9.87757E-01             9.50443E-01     0     0    39
   122      13      22      9.33124E-01  (  0  2  8  3  0  0  0  0  0  0 )   9.32754E-01             8.85362E-01     0     0    43
   123      15      26      9.96535E-01  (  0  3  7  4  1  0  0  0  0  0 )   1.03695E+00             1.03799E+00     0     0    43
   124      14      24      9.28526E-01  (  1  2  7  2  2  0  0  0  0  0 )   1.03954E+00             1.04395E+00     0     0    39
   125      14      24      9.63292E-01  (  1  2  6  4  1  0  0  0  0  0 )   9.54679E-01             9.15668E-01     0     0    44
   126      14      24      9.63292E-01  (  0  2  8  4  0  0  0  0  0  0 )   1.02815E+00             1.05085E+00     0     0    43
   127      15      26      9.31853E-01  (  2  2  4  5  2  0  0  0  0  0 )   1.00788E+00             9.83486E-01     0     0    45
   128      14      24      9.68321E-01  (  0  3  7  3  1  0  0  0  0  0 )   1.02401E+00             1.01534E+00     0     0    41
   129      14      24      9.96910E-01  (  2  1  7  2  1  1  0  0  0  0 )   1.03530E+00             1.03012E+00     0     0    44
   130      14      24      9.76485E-01  (  0  3  6  5  0  0  0  0  0  0 )   1.02699E+00             1.03990E+00     0     0    41

   131      17      30      9.23297E-01  (  1  4  4  6  1  1  0  0  0  0 )   1.04149E+00             1.03224E+00     0     1    54
   132      17      30      9.86511E-01  (  3  5  1  2  4  2  0  0  0  0 )   1.02017E+00             1.00064E+00     0     0    39
   133      14      24      9.28017E-01  (  1  2  6  4  1  0  0  0  0  0 )   9.75356E-01             9.50085E-01     0     0    43
   134      14      24      9.69889E-01  (  0  4  4  6  0  0  0  0  0  0 )   1.00317E+00             9.91740E-01     0     0    41
   135      14      24      9.27777E-01  (  0  4  5  4  1  0  0  0  0  0 )   1.00363E+00             9.94138E-01     0     0    39
   136      15      26      9.33310E-01  (  2  2  6  2  2  1  0  0  0  0 )   1.01935E+00             1.01236E+00     0     0    40
   137      14      24      9.44910E-01  (  0  0 12  2  0  0  0  0  0  0 )   1.01977E+00             1.03943E+00     0     0    44
   138      16      28      9.80807E-01  (  0  2  8  6  0  0  0  0  0  0 )   1.05551E+00             1.10004E+00     0     0    40
   139      14      24      9.02979E-01  (  0  5  3  5  1  0  0  0  0  0 )   9.78083E-01             9.50019E-01     0     0    40
   140      14      24      9.33124E-01  (  0  3  6  5  0  0  0  0  0  0 )   1.01422E+00             1.01196E+00     0     0    41

   141      15      26      9.02979E-01  (  2  3  4  3  2  1  0  0  0  0 )   9.82605E-01             9.48497E-01     0     0    41
   142      16      28      9.26558E-01  (  0  4  5  6  1  0  0  0  0  0 )   1.02025E+00             1.01139E+00     0     0    39
   143      15      26      9.41416E-01  (  3  3  1  6  1  0  1  0  0  0 )   9.94180E-01             9.63519E-01     0     0    40
   144      13      22      9.54427E-01  (  0  4  4  5  0  0  0  0  0  0 )   9.62173E-01             9.32841E-01     0     0    44
   145      13      22      9.26439E-01  (  0  3  7  2  1  0  0  0  0  0 )   9.97866E-01             9.73591E-01     0     0    44
   146      13      22      9.55959E-01  (  0  3  6  4  0  0  0  0  0  0 )   9.63702E-01             9.32830E-01     0     0    39
   147      14      24      9.27503E-01  (  1  1  7  5  0  0  0  0  0  0 )   9.74091E-01             9.42409E-01     0     0    40
   148      15      26      9.52004E-01  (  2  3  3  5  1  1  0  0  0  0 )   9.94897E-01             9.63924E-01     0     0    43
   149      13      22      9.65747E-01  (  0  1 10  2  0  0  0  0  0  0 )   9.59772E-01             9.33778E-01     0     0    41
   150      13      22      9.28526E-01  (  0  3  6  4  0  0  0  0  0  0 )   1.01546E+00             9.90514E-01     0     0    40


                                                                                                                             PAGE   4

    N       F       V       DIST(1)        N3 N4 N5----                      SPEC.AREA               SPEC.VOL.     NDSPL NCMP JRANGE

   151      15      26      1.01030E+00  (  0  3  7  4  1  0  0  0  0  0 )   1.05547E+00             1.07972E+00     0     0    41
   152      15      26      9.45572E-01  (  0  4  4  7  0  0  0  0  0  0 )   1.00456E+00             9.95732E-01     0     0    45
   153      15      26      1.00806E+00  (  4  2  2  2  4  1  0  0  0  0 )   1.00324E+00             9.84494E-01     0     0    38
   154      14      24      9.57787E-01  (  0  4  5  4  1  0  0  0  0  0 )   1.04311E+00             1.05434E+00     0     0    40
   155      15      26      9.86831E-01  (  1  2  5  7  0  0  0  0  0  0 )   1.03880E+00             1.05438E+00     0     0    42
   156      13      22      9.26475E-01  (  0  3  6  4  0  0  0  0  0  0 )   1.02030E+00             1.00793E+00     0     0    42
   157      15      26      9.37840E-01  (  1  5  2  4  3  0  0  0  0  0 )   1.03333E+00             1.03214E+00     0     0    42
   158      14      24      1.01079E+00  (  0  3  6  5  0  0  0  0  0  0 )   1.01257E+00             1.02536E+00     0     0    39
   159      14      24      1.00570E+00  (  0  3  7  3  1  0  0  0  0  0 )   1.05127E+00             1.07068E+00     0     0    41
   160      14      24      1.03096E+00  (  0  2  8  4  0  0  0  0  0  0 )   1.01855E+00             1.03915E+00     0     0    38

   161      12      20      9.49343E-01  (  0  2  8  2  0  0  0  0  0  0 )   9.42636E-01             8.92240E-01     0     0    42
   162      14      24      9.78545E-01  (  1  3  4  5  1  0  0  0  0  0 )   1.01677E+00             1.00601E+00     0     0    44
   163      15      26      9.86328E-01  (  2  2  5  4  1  1  0  0  0  0 )   1.01167E+00             9.98813E-01     0     0    43
   164      17      30      9.61000E-01  (  2  3  5  3  3  1  0  0  0  0 )   1.03785E+00             1.05225E+00     0     0    44
   165      13      22      9.73175E-01  (  1  2  6  3  1  0  0  0  0  0 )   9.61749E-01             9.19660E-01     0     0    43
   166      15      26      1.02485E+00  (  1  4  3  5  2  0  0  0  0  0 )   1.06143E+00             1.07630E+00     0     1    54
   167      14      24      9.93107E-01  (  0  4  4  6  0  0  0  0  0  0 )   1.00739E+00             1.00582E+00     0     0    40
   168      14      24      9.45603E-01  (  2  2  4  4  2  0  0  0  0  0 )   1.01778E+00             9.87675E-01     0     0    42
   169      15      26      9.45671E-01  (  1  2  6  5  1  0  0  0  0  0 )   9.88054E-01             9.76117E-01     0     0    44
   170      14      24      9.50929E-01  (  0  2  8  4  0  0  0  0  0  0 )   9.63495E-01             9.21896E-01     0     0    41

   171      15      26      9.24747E-01  (  3  2  4  3  2  0  1  0  0  0 )   1.02202E+00             9.91258E-01     0     0    42
   172      15      26      9.18751E-01  (  0  2  8  5  0  0  0  0  0  0 )   1.01755E+00             1.00662E+00     0     0    39
   173      14      24      9.45572E-01  (  1  2  6  4  1  0  0  0  0  0 )   1.01396E+00             1.00909E+00     0     0    38
   174      14      24      9.81226E-01  (  0  3  6  5  0  0  0  0  0  0 )   1.00030E+00             9.86344E-01     0     0    43
   175      15      26      8.84491E-01  (  0  4  4  7  0  0  0  0  0  0 )   9.78545E-01             9.48560E-01     0     0    40
   176      13      22      9.70249E-01  (  1  0  9  3  0  0  0  0  0  0 )   9.79678E-01             9.57777E-01     0     0    39
   177      15      26      9.65837E-01  (  2  1  7  3  1  1  0  0  0  0 )   1.00541E+00             9.84493E-01     0     0    42
   178      15      26      9.97367E-01  (  0  3  6  6  0  0  0  0  0  0 )   1.00769E+00             1.01321E+00     0     0    40
   179      15      26      9.84289E-01  (  0  2  8  5  0  0  0  0  0  0 )   1.01191E+00             1.01109E+00     0     0    42
   180      15      26      9.04989E-01  (  0  3  6  6  0  0  0  0  0  0 )   9.99471E-01             9.89761E-01     0     0    42

   181      14      24      9.14601E-01  (  2  2  4  5  0  1  0  0  0  0 )   9.59292E-01             9.20264E-01     0     0    41
   182      12      20      9.42530E-01  (  0  0 12  0  0  0  0  0  0  0 )   9.75392E-01             9.42270E-01     0     0    41
   183      14      24      9.47718E-01  (  0  3  6  5  0  0  0  0  0  0 )   9.78108E-01             9.46186E-01     0     0    41
   184      13      22      9.62671E-01  (  0  3  6  4  0  0  0  0  0  0 )   9.60096E-01             9.28369E-01     0     0    44
   185      15      26      9.60242E-01  (  0  3  7  4  1  0  0  0  0  0 )   1.02998E+00             1.03657E+00     0     0    40
   186      16      28      1.00135E+00  (  0  5  3  7  1  0  0  0  0  0 )   1.08008E+00             1.13050E+00     0     0    40
   187      14      24      9.97614E-01  (  0  4  4  6  0  0  0  0  0  0 )   1.01673E+00             1.02112E+00     0     0    39
   188      14      24      9.29603E-01  (  0  2  8  4  0  0  0  0  0  0 )   9.89405E-01             9.69937E-01     0     0    44
   189      14      24      9.62671E-01  (  0  4  4  6  0  0  0  0  0  0 )   9.75051E-01             9.45185E-01     0     0    43
   190      15      26      9.86309E-01  (  0  3  7  4  1  0  0  0  0  0 )   1.03383E+00             1.03740E+00     0     0    41

   191      14      24      9.77618E-01  (  1  3  4  5  1  0  0  0  0  0 )   1.00898E+00             1.00473E+00     0     0    44
   192      14      24      9.47131E-01  (  0  4  4  6  0  0  0  0  0  0 )   1.00584E+00             9.96482E-01     0     0    41
   193      14      24      9.90484E-01  (  1  3  4  5  1  0  0  0  0  0 )   9.76596E-01             9.52355E-01     0     0    42
   194      14      24      9.52636E-01  (  1  1  8  3  1  0  0  0  0  0 )   9.76196E-01             9.68393E-01     0     0    41
   195      16      28      9.24747E-01  (  4  2  3  3  2  1  1  0  0  0 )   1.04048E+00             1.01859E+00     0     0    39
   196      14      24      9.46554E-01  (  1  4  2  6  1  0  0  0  0  0 )   9.93345E-01             9.63425E-01     0     0    42
   197      15      26      9.55611E-01  (  0  2  8  5  0  0  0  0  0  0 )   1.00757E+00             9.97985E-01     0     0    41
   198      15      26      9.89742E-01  (  0  3  6  6  0  0  0  0  0  0 )   1.01297E+00             1.00930E+00     0     0    43
   199      14      24      9.42099E-01  (  0  2  8  4  0  0  0  0  0  0 )   1.00237E+00             9.86581E-01     0     0    42
   200      14      24      1.00855E+00  (  1  2  6  4  1  0  0  0  0  0 )   9.78433E-01             9.54544E-01     0     0    43


                                                                                                                             PAGE   5

    N       F       V       DIST(1)        N3 N4 N5----                      SPEC.AREA               SPEC.VOL.     NDSPL NCMP JRANGE

   201      14      24      9.35920E-01  (  0  3  6  5  0  0  0  0  0  0 )   9.80440E-01             9.53450E-01     0     0    42
   202      15      26      9.43035E-01  (  2  3  2  6  2  0  0  0  0  0 )   1.00483E+00             1.00649E+00     0     0    40
   203      14      24      9.63768E-01  (  0  3  6  5  0  0  0  0  0  0 )   9.68935E-01             9.40871E-01     0     0    43
   204      13      22      9.92866E-01  (  0  1 10  2  0  0  0  0  0  0 )   1.05412E+00             1.07545E+00     0     0    40
   205      15      26      1.01200E+00  (  1  2  7  3  2  0  0  0  0  0 )   1.05289E+00             1.07758E+00     0     0    39
   206      14      24      9.84489E-01  (  0  1 10  3  0  0  0  0  0  0 )   9.96352E-01             9.90177E-01     0     0    43
   207      13      22      9.12495E-01  (  0  3  6  4  0  0  0  0  0  0 )   1.00342E+00             9.80629E-01     0     0    41
   208      16      28      9.70955E-01  (  1  3  5  5  2  0  0  0  0  0 )   1.03995E+00             1.07090E+00     0     0    43
   209      11      18      8.74289E-01  (  0  4  4  3  0  0  0  0  0  0 )   9.75516E-01             9.37339E-01     0     0    41
   210      15      26      9.50660E-01  (  0  4  4  7  0  0  0  0  0  0 )   1.04856E+00             1.07518E+00     0     0    42

   211      13      22      9.60302E-01  (  1  2  5  5  0  0  0  0  0  0 )   9.85930E-01             9.57738E-01     0     0    41
   212      14      24      9.38487E-01  (  0  4  4  6  0  0  0  0  0  0 )   1.02706E+00             1.02699E+00     0     0    41
   213      16      28      1.01131E+00  (  1  2  5  8  0  0  0  0  0  0 )   1.03744E+00             1.06768E+00     0     0    42
   214      15      26      9.85090E-01  (  0  4  5  5  1  0  0  0  0  0 )   1.04495E+00             1.06985E+00     0     0    44
   215      14      24      9.75401E-01  (  0  3  6  5  0  0  0  0  0  0 )   9.83581E-01             9.73632E-01     0     0    40
   216      14      24      9.41216E-01  (  0  3  6  5  0  0  0  0  0  0 )   9.77823E-01             9.43192E-01     0     0    43
   217      13      22      9.88001E-01  (  1  3  4  4  1  0  0  0  0  0 )   9.63977E-01             9.36893E-01     0     0    41
   218      14      24      9.68736E-01  (  0  4  4  6  0  0  0  0  0  0 )   9.78579E-01             9.41643E-01     0     0    40
   219      14      24      1.03673E+00  (  1  1  8  3  1  0  0  0  0  0 )   1.05111E+00             1.07271E+00     0     0    43
   220      13      22      9.77336E-01  (  0  3  6  4  0  0  0  0  0  0 )   9.62988E-01             9.34627E-01     0     0    41

   221      13      22      9.23297E-01  (  0  2  8  3  0  0  0  0  0  0 )   9.61956E-01             9.24056E-01     0     0    42
   222      17      30      1.03736E+00  (  2  3  5  3  3  1  0  0  0  0 )   1.15343E+00             1.23725E+00     0     0    38
   223      13      22      9.19550E-01  (  1  3  4  4  1  0  0  0  0  0 )   9.93837E-01             9.49273E-01     0     0    43
   224      16      28      9.77222E-01  (  0  2  8  6  0  0  0  0  0  0 )   1.02033E+00             1.02397E+00     0     0    42
   225      13      22      9.32226E-01  (  0  2  8  3  0  0  0  0  0  0 )   9.56988E-01             9.33165E-01     0     0    40
   226      17      30      9.36206E-01  (  2  5  1  5  3  1  0  0  0  0 )   1.07093E+00             1.08996E+00     0     0    40
   227      15      26      9.46350E-01  (  0  3  6  6  0  0  0  0  0  0 )   9.71970E-01             9.52638E-01     0     0    45
   228      15      26      9.31853E-01  (  1  3  4  6  1  0  0  0  0  0 )   1.00691E+00             1.00188E+00     0     0    39
   229      15      26      9.77059E-01  (  1  3  4  6  1  0  0  0  0  0 )   1.02494E+00             1.02811E+00     0     0    42
   230      14      24      9.26475E-01  (  1  3  4  5  1  0  0  0  0  0 )   1.01326E+00             9.96141E-01     0     0    42

   231      16      28      1.00048E+00  (  1  3  6  3  3  0  0  0  0  0 )   1.04640E+00             1.05350E+00     0     0    36
   232      14      24      1.00210E+00  (  1  1  8  3  1  0  0  0  0  0 )   9.99320E-01             9.93590E-01     0     0    41
   233      13      22      9.80807E-01  (  1  3  4  4  1  0  0  0  0  0 )   1.01810E+00             1.00104E+00     0     0    42
   234      15      26      9.89677E-01  (  0  3  7  4  1  0  0  0  0  0 )   1.08201E+00             1.13257E+00     0     0    38
   235      13      22      9.46350E-01  (  0  3  6  4  0  0  0  0  0  0 )   9.73281E-01             9.55288E-01     0     0    42
   236      16      28      9.07138E-01  (  2  2  5  4  3  0  0  0  0  0 )   1.05449E+00             1.05713E+00     0     0    41
   237      13      22      9.70050E-01  (  0  3  6  4  0  0  0  0  0  0 )   9.76312E-01             9.55099E-01     0     0    42
   238      14      24      9.53592E-01  (  2  5  0  4  2  1  0  0  0  0 )   9.58146E-01             9.19243E-01     0     0    43
   239      14      24      9.92906E-01  (  1  2  6  4  1  0  0  0  0  0 )   1.04214E+00             1.05428E+00     0     0    43
   240      15      26      1.03335E+00  (  1  2  7  3  2  0  0  0  0  0 )   1.04713E+00             1.05513E+00     0     0    38

   241      15      26      9.51704E-01  (  4  2  2  3  3  0  1  0  0  0 )   1.00499E+00             9.66044E-01     0     0    42
   242      16      28      9.64915E-01  (  0  1 10  5  0  0  0  0  0  0 )   1.03489E+00             1.05134E+00     0     0    40
   243      14      24      9.94882E-01  (  0  2  8  4  0  0  0  0  0  0 )   1.01101E+00             9.96477E-01     0     0    44
   244      13      22      9.03569E-01  (  0  3  6  4  0  0  0  0  0  0 )   9.83486E-01             9.51599E-01     0     0    41
   245      16      28      9.24775E-01  (  2  3  3  5  3  0  0  0  0  0 )   9.96530E-01             9.64460E-01     0     0    39
   246      16      28      9.50023E-01  (  1  2  7  4  2  0  0  0  0  0 )   1.04710E+00             1.04903E+00     0     0    41
   247      15      26      9.48901E-01  (  0  4  5  5  1  0  0  0  0  0 )   9.88988E-01             9.84916E-01     0     0    42
   248      14      24      9.38487E-01  (  2  3  3  3  3  0  0  0  0  0 )   1.04861E+00             1.02639E+00     0     0    44
   249      15      26      9.00781E-01  (  1  1  8  4  1  0  0  0  0  0 )   9.79081E-01             9.66984E-01     0     0    39
   250      14      24      9.28017E-01  (  1  4  2  6  1  0  0  0  0  0 )   9.81044E-01             9.49102E-01     0     0    42


                                                                                                                             PAGE   6

    N       F       V       DIST(1)        N3 N4 N5----                      SPEC.AREA               SPEC.VOL.     NDSPL NCMP JRANGE

   251      13      22      9.38956E-01  (  0  3  6  4  0  0  0  0  0  0 )   9.58519E-01             9.25017E-01     0     0    41
   252      14      24      1.02083E+00  (  0  2  8  4  0  0  0  0  0  0 )   1.00640E+00             1.01090E+00     0     0    42
   253      14      24      9.09318E-01  (  0  2  8  4  0  0  0  0  0  0 )   9.71878E-01             9.45950E-01     0     0    43
   254      16      28      9.09019E-01  (  1  3  6  3  3  0  0  0  0  0 )   1.02028E+00             1.00889E+00     0     0    41
   255      15      26      9.07138E-01  (  0  4  5  5  1  0  0  0  0  0 )   1.00441E+00             9.87286E-01     0     0    40
   256      13      22      9.76629E-01  (  1  2  5  5  0  0  0  0  0  0 )   1.02125E+00             1.02080E+00     0     0    42
   257      14      24      9.54774E-01  (  1  2  6  4  1  0  0  0  0  0 )   1.01082E+00             1.02106E+00     0     0    41
   258      15      26      9.89738E-01  (  0  5  2  8  0  0  0  0  0  0 )   1.00706E+00             9.99508E-01     0     0    45
   259      13      22      9.81985E-01  (  1  2  6  3  1  0  0  0  0  0 )   1.02686E+00             1.02654E+00     0     0    37
   260      15      26      9.38956E-01  (  1  2  7  3  2  0  0  0  0  0 )   9.90378E-01             9.78845E-01     0     0    39

   261      15      26      9.94172E-01  (  0  3  7  4  1  0  0  0  0  0 )   1.07366E+00             1.11375E+00     0     0    37
   262      14      24      9.45186E-01  (  2  2  4  4  2  0  0  0  0  0 )   1.01338E+00             1.00578E+00     0     0    39
   263      15      26      8.74289E-01  (  0  4  5  5  1  0  0  0  0  0 )   9.80500E-01             9.43962E-01     0     0    44
   264      15      26      1.00390E+00  (  1  2  6  5  1  0  0  0  0  0 )   1.05007E+00             1.06542E+00     0     0    41
   265      13      22      9.26293E-01  (  1  3  5  2  2  0  0  0  0  0 )   1.02701E+00             1.00575E+00     0     0    44
   266      14      24      9.92878E-01  (  0  4  4  6  0  0  0  0  0  0 )   9.96200E-01             9.85396E-01     0     0    40
   267      14      24      9.48049E-01  (  0  3  6  5  0  0  0  0  0  0 )   1.02848E+00             1.01695E+00     0     0    41
   268      15      26      9.86321E-01  (  2  1  6  4  2  0  0  0  0  0 )   1.03708E+00             1.04020E+00     0     0    41
   269      13      22      9.29153E-01  (  0  3  6  4  0  0  0  0  0  0 )   9.91109E-01             9.65941E-01     0     0    43
   270      15      26      9.40226E-01  (  1  3  4  6  1  0  0  0  0  0 )   9.95757E-01             9.72795E-01     0     0    39

   271      15      26      9.49883E-01  (  1  2  6  5  1  0  0  0  0  0 )   9.74641E-01             9.45303E-01     0     0    42
   272      13      22      9.35839E-01  (  2  2  5  1  3  0  0  0  0  0 )   9.89709E-01             9.47256E-01     0     0    43
   273      12      20      9.40871E-01  (  0  4  4  4  0  0  0  0  0  0 )   9.37679E-01             8.85922E-01     0     0    40
   274      13      22      9.49495E-01  (  1  2  5  5  0  0  0  0  0  0 )   9.50367E-01             9.10486E-01     0     0    37
   275      13      22      9.61570E-01  (  0  4  4  5  0  0  0  0  0  0 )   1.01345E+00             1.00739E+00     0     0    42
   276      15      26      9.98576E-01  (  1  3  4  6  1  0  0  0  0  0 )   1.03225E+00             1.03781E+00     0     0    44
   277      16      28      9.70088E-01  (  2  3  4  3  4  0  0  0  0  0 )   1.01961E+00             9.98682E-01     0     0    41
   278      15      26      9.09318E-01  (  1  4  3  5  2  0  0  0  0  0 )   9.98875E-01             9.72471E-01     0     0    43
   279      13      22      9.46114E-01  (  0  1 10  2  0  0  0  0  0  0 )   9.79566E-01             9.74910E-01     0     0    41
   280      14      24      8.84491E-01  (  2  2  4  4  2  0  0  0  0  0 )   9.85175E-01             9.49652E-01     0     0    38

   281      16      28      9.72907E-01  (  2  4  2  5  2  1  0  0  0  0 )   1.04380E+00             1.05555E+00     0     0    39
   282      14      24      9.38407E-01  (  0  2  8  4  0  0  0  0  0  0 )   1.00375E+00             9.80759E-01     0     0    37
   283      13      22      9.04989E-01  (  0  3  6  4  0  0  0  0  0  0 )   9.69099E-01             9.43012E-01     0     0    42
   284      14      24      9.22703E-01  (  0  2  8  4  0  0  0  0  0  0 )   9.79273E-01             9.60542E-01     0     0    41
   285      14      24      9.26293E-01  (  1  4  3  4  2  0  0  0  0  0 )   1.00746E+00             9.89986E-01     0     0    44
   286      15      26      9.56421E-01  (  1  4  3  5  2  0  0  0  0  0 )   1.02409E+00             1.01435E+00     0     0    42
   287      15      26      9.80805E-01  (  0  4  4  7  0  0  0  0  0  0 )   1.01855E+00             1.02028E+00     0     0    42
   288      15      26      9.61570E-01  (  1  3  4  6  1  0  0  0  0  0 )   1.00739E+00             1.01182E+00     0     0    43
   289      15      26      9.50426E-01  (  0  2  9  3  1  0  0  0  0  0 )   9.90656E-01             9.83260E-01     0     0    44
   290      13      22      9.66679E-01  (  0  1 10  2  0  0  0  0  0  0 )   9.72350E-01             9.50095E-01     0     0    41

   291      16      28      1.04786E+00  (  2  2  6  3  2  1  0  0  0  0 )   1.02891E+00             1.03926E+00     0     0    40
   292      13      22      9.92773E-01  (  0  1 10  2  0  0  0  0  0  0 )   9.83907E-01             9.78093E-01     0     0    42
   293      16      28      9.40871E-01  (  1  3  4  7  1  0  0  0  0  0 )   1.01173E+00             1.01659E+00     0     0    42
   294      15      26      9.45603E-01  (  0  4  5  5  1  0  0  0  0  0 )   1.00180E+00             9.89530E-01     0     0    43
   295      15      26      1.02512E+00  (  0  2  8  5  0  0  0  0  0  0 )   1.05439E+00             1.10377E+00     0     0    38
   296      14      24      9.81069E-01  (  0  2  8  4  0  0  0  0  0  0 )   1.04845E+00             1.07165E+00     0     1    54
   297      16      28      9.70088E-01  (  1  4  2  8  1  0  0  0  0  0 )   1.03179E+00             1.03226E+00     0     0    42
   298      14      24      9.66809E-01  (  1  2  6  4  1  0  0  0  0  0 )   9.70651E-01             9.47394E-01     0     0    41
   299      14      24      1.00823E+00  (  0  3  6  5  0  0  0  0  0  0 )   9.97326E-01             9.95218E-01     0     0    38
   300      15      26      9.54450E-01  (  0  1 10  4  0  0  0  0  0  0 )   1.01001E+00             1.02482E+00     0     0    42


                                                                                                                             PAGE   7

    N       F       V       DIST(1)        N3 N4 N5----                      SPEC.AREA               SPEC.VOL.     NDSPL NCMP JRANGE

   301      14      24      9.64688E-01  (  0  4  4  6  0  0  0  0  0  0 )   9.66035E-01             9.35916E-01     0     0    45
   302      13      22      9.84926E-01  (  1  3  4  4  1  0  0  0  0  0 )   1.04090E+00             1.03603E+00     0     0    40
   303      15      26      9.65567E-01  (  1  3  6  3  1  1  0  0  0  0 )   1.00662E+00             9.98589E-01     0     0    45
   304      15      26      9.60302E-01  (  1  4  3  5  2  0  0  0  0  0 )   9.84917E-01             9.57802E-01     0     0    40
   305      13      22      9.64688E-01  (  0  3  6  4  0  0  0  0  0  0 )   9.95654E-01             9.93033E-01     0     0    40
   306      13      22      9.29058E-01  (  0  3  6  4  0  0  0  0  0  0 )   1.03214E+00             1.04582E+00     0     0    40
   307      13      22      9.76633E-01  (  0  4  4  5  0  0  0  0  0  0 )   9.60035E-01             9.21499E-01     0     0    43
   308      14      24      9.68736E-01  (  0  4  4  6  0  0  0  0  0  0 )   1.02398E+00             1.01341E+00     0     0    40
   309      13      22      9.45896E-01  (  0  1 10  2  0  0  0  0  0  0 )   9.54372E-01             9.27220E-01     0     0    42
   310      13      22      9.95084E-01  (  0  3  6  4  0  0  0  0  0  0 )   9.77203E-01             9.56374E-01     0     0    48

   311      16      28      9.48642E-01  (  3  2  5  2  3  0  1  0  0  0 )   1.06874E+00             1.08408E+00     0     0    39
   312      13      22      1.01557E+00  (  0  2  8  3  0  0  0  0  0  0 )   1.01075E+00             1.01229E+00     0     0    39
   313      13      22      9.09019E-01  (  1  2  6  3  1  0  0  0  0  0 )   9.72076E-01             9.34015E-01     0     0    42
   314      13      22      9.25814E-01  (  0  2  8  3  0  0  0  0  0  0 )   9.77059E-01             9.46381E-01     0     0    45
   315      15      26      9.72590E-01  (  2  3  4  3  2  1  0  0  0  0 )   1.05113E+00             1.05343E+00     0     0    38
   316      14      24      9.41216E-01  (  0  5  3  5  1  0  0  0  0  0 )   1.03266E+00             1.02353E+00     0     0    38
   317      14      24      9.63668E-01  (  0  2  8  4  0  0  0  0  0  0 )   9.86959E-01             9.65567E-01     0     0    42
   318      13      22      9.37819E-01  (  1  2  6  3  1  0  0  0  0  0 )   9.70692E-01             9.33635E-01     0     0    43
   319      14      24      9.64848E-01  (  0  3  6  5  0  0  0  0  0  0 )   9.98715E-01             9.85703E-01     0     0    40
   320      14      24      9.23459E-01  (  1  3  5  3  2  0  0  0  0  0 )   9.67934E-01             9.25100E-01     0     0    44

   321      15      26      9.48988E-01  (  0  3  6  6  0  0  0  0  0  0 )   1.01309E+00             1.00247E+00     0     0    43
   322      15      26      9.86857E-01  (  0  3  6  6  0  0  0  0  0  0 )   1.05777E+00             1.07952E+00     0     0    41
   323      13      22      9.80741E-01  (  0  2  8  3  0  0  0  0  0  0 )   9.93899E-01             9.66423E-01     0     0    43
   324      14      24      9.41227E-01  (  0  3  6  5  0  0  0  0  0  0 )   9.93156E-01             9.84545E-01     0     0    42
   325      14      24      9.48988E-01  (  0  2  8  4  0  0  0  0  0  0 )   9.77154E-01             9.53150E-01     0     0    40
   326      13      22      9.66574E-01  (  2  2  5  1  3  0  0  0  0  0 )   9.77456E-01             9.36768E-01     0     0    39
   327      15      26      9.75902E-01  (  0  4  4  7  0  0  0  0  0  0 )   1.03095E+00             1.05051E+00     0     0    40
   328      13      22      9.85307E-01  (  0  3  6  4  0  0  0  0  0  0 )   9.91465E-01             9.68527E-01     0     0    44
   329      16      28      9.67894E-01  (  1  4  2  8  1  0  0  0  0  0 )   1.01047E+00             1.01131E+00     0     0    44
   330      14      24      9.89367E-01  (  0  3  6  5  0  0  0  0  0  0 )   9.57598E-01             9.35780E-01     0     0    43

   331      13      22      9.82787E-01  (  0  3  6  4  0  0  0  0  0  0 )   1.03162E+00             1.02853E+00     0     0    38
   332      13      22      9.62814E-01  (  0  1 10  2  0  0  0  0  0  0 )   9.16262E-01             8.80120E-01     0     0    45
   333      14      24      9.73249E-01  (  0  3  6  5  0  0  0  0  0  0 )   9.68188E-01             9.49381E-01     0     0    43
   334      13      22      9.76287E-01  (  0  1 10  2  0  0  0  0  0  0 )   9.79718E-01             9.69892E-01     0     0    42
   335      14      24      9.37819E-01  (  0  2  8  4  0  0  0  0  0  0 )   9.69253E-01             9.35812E-01     0     0    39
   336      13      22      9.39136E-01  (  1  2  7  1  2  0  0  0  0  0 )   1.02315E+00             9.88789E-01     0     0    43
   337      14      24      9.44129E-01  (  1  1  8  3  1  0  0  0  0  0 )   1.01089E+00             1.00219E+00     0     0    41
   338      15      26      9.62628E-01  (  2  3  3  5  1  1  0  0  0  0 )   1.02643E+00             1.03395E+00     0     0    41
   339      15      26      9.80485E-01  (  0  5  4  4  2  0  0  0  0  0 )   1.03943E+00             1.05116E+00     0     0    41
   340      17      30      9.88506E-01  (  0  4  6  5  2  0  0  0  0  0 )   1.07267E+00             1.09889E+00     0     0    38

   341      15      26      9.46976E-01  (  1  4  3  5  2  0  0  0  0  0 )   9.75725E-01             9.34567E-01     0     0    43
   342      14      24      9.28920E-01  (  1  1  7  5  0  0  0  0  0  0 )   9.39186E-01             8.98128E-01     0     0    39
   343      13      22      9.79779E-01  (  0  1 10  2  0  0  0  0  0  0 )   1.00366E+00             1.00260E+00     0     0    45
   344      14      24      9.56565E-01  (  2  2  5  3  1  1  0  0  0  0 )   9.92537E-01             9.69312E-01     0     0    38
   345      14      24      9.45671E-01  (  0  4  4  6  0  0  0  0  0  0 )   9.57364E-01             9.28740E-01     0     0    43
   346      14      24      1.01238E+00  (  1  2  7  2  2  0  0  0  0  0 )   1.03959E+00             1.04966E+00     0     0    43
   347      14      24      9.76485E-01  (  0  3  6  5  0  0  0  0  0  0 )   1.00018E+00             9.83769E-01     0     0    46
   348      15      26      1.00390E+00  (  1  2  7  3  2  0  0  0  0  0 )   1.03299E+00             1.04417E+00     0     0    42
   349      13      22      9.22835E-01  (  2  2  4  3  2  0  0  0  0  0 )   9.45096E-01             9.05165E-01     0     0    43
   350      13      22      9.36206E-01  (  1  1  9  0  2  0  0  0  0  0 )   9.92469E-01             9.74504E-01     0     0    41


                                                                                                                             PAGE   8

    N       F       V       DIST(1)        N3 N4 N5----                      SPEC.AREA               SPEC.VOL.     NDSPL NCMP JRANGE

   351      15      26      9.76761E-01  (  0  4  5  5  1  0  0  0  0  0 )   1.01727E+00             1.02508E+00     0     0    39
   352      14      24      9.48049E-01  (  0  3  6  5  0  0  0  0  0  0 )   1.00590E+00             9.98523E-01     0     0    44
   353      13      22      9.00781E-01  (  1  3  4  4  1  0  0  0  0  0 )   9.67786E-01             9.27717E-01     0     0    42
   354      14      24      9.35839E-01  (  2  2  4  4  2  0  0  0  0  0 )   1.01323E+00             9.80138E-01     0     0    43
   355      12      20      9.66892E-01  (  0  0 12  0  0  0  0  0  0  0 )   9.39952E-01             9.08019E-01     0     0    45
   356      15      26      9.47426E-01  (  1  4  3  5  2  0  0  0  0  0 )   1.01960E+00             1.00951E+00     0     0    42
   357      14      24      9.49495E-01  (  0  4  4  6  0  0  0  0  0  0 )   9.77893E-01             9.56089E-01     0     0    44
   358      14      24      9.81586E-01  (  0  2  8  4  0  0  0  0  0  0 )   1.04654E+00             1.07091E+00     0     0    43
   359      15      26      9.94830E-01  (  1  3  5  4  2  0  0  0  0  0 )   1.06794E+00             1.08985E+00     0     0    39
   360      14      24      9.46976E-01  (  1  3  4  5  1  0  0  0  0  0 )   1.04517E+00             1.04947E+00     0     0    39

   361      14      24      9.80162E-01  (  0  3  6  5  0  0  0  0  0  0 )   1.04562E+00             1.04139E+00     0     1    53
   362      13      22      9.93417E-01  (  1  3  4  4  1  0  0  0  0  0 )   1.03182E+00             1.03127E+00     0     0    38
   363      13      22      9.80485E-01  (  0  2  8  3  0  0  0  0  0  0 )   1.02393E+00             1.00739E+00     0     0    39
   364      15      26      9.45186E-01  (  2  3  4  3  2  1  0  0  0  0 )   1.02511E+00             1.01088E+00     0     0    41
   365      14      24      9.86422E-01  (  2  2  4  4  2  0  0  0  0  0 )   1.01300E+00             9.98422E-01     0     0    39
   366      15      26      9.77817E-01  (  0  4  4  7  0  0  0  0  0  0 )   1.01408E+00             1.00274E+00     0     0    43
   367      14      24      9.42455E-01  (  0  4  4  6  0  0  0  0  0  0 )   9.55051E-01             9.12466E-01     0     0    41
   368      15      26      9.50426E-01  (  1  2  7  3  2  0  0  0  0  0 )   1.03447E+00             1.04379E+00     0     0    38
   369      15      26      9.68747E-01  (  0  3  7  4  1  0  0  0  0  0 )   1.01824E+00             9.96789E-01     0     0    42
   370      14      24      8.56957E-01  (  1  3  4  5  1  0  0  0  0  0 )   9.78765E-01             9.53073E-01     0     0    41

   371      14      24      9.86200E-01  (  0  4  4  6  0  0  0  0  0  0 )   9.96876E-01             9.70831E-01     0     1    55
   372      14      24      9.77121E-01  (  2  2  3  6  1  0  0  0  0  0 )   1.01763E+00             9.82900E-01     0     0    42
   373      15      26      1.00069E+00  (  1  3  6  2  3  0  0  0  0  0 )   1.01590E+00             1.02105E+00     0     0    43
   374      14      24      9.71972E-01  (  0  4  4  6  0  0  0  0  0  0 )   9.69232E-01             9.36889E-01     0     0    44
   375      16      28      1.01766E+00  (  1  4  3  6  2  0  0  0  0  0 )   1.04274E+00             1.06058E+00     0     0    42
   376      15      26      9.60431E-01  (  1  3  4  6  1  0  0  0  0  0 )   1.02864E+00             1.04201E+00     0     0    39
   377      13      22      9.54450E-01  (  0  4  4  5  0  0  0  0  0  0 )   9.90769E-01             9.65992E-01     0     0    42
   378      14      24      9.66679E-01  (  0  3  6  5  0  0  0  0  0  0 )   1.01326E+00             1.01213E+00     0     0    40
   379      14      24      9.66965E-01  (  1  1  8  3  1  0  0  0  0  0 )   1.03814E+00             1.05335E+00     0     0    39
   380      18      32      9.62540E-01  (  2  4  3  4  5  0  0  0  0  0 )   1.13687E+00             1.19079E+00     0     1    52

   381      14      24      9.92878E-01  (  0  4  4  6  0  0  0  0  0  0 )   1.04433E+00             1.05720E+00     0     0    42
   382      15      26      9.52192E-01  (  0  4  5  5  1  0  0  0  0  0 )   1.09489E+00             1.13887E+00     0     0    40
   383      13      22      9.71960E-01  (  0  3  6  4  0  0  0  0  0  0 )   9.44824E-01             9.07963E-01     0     0    45
   384      14      24      9.78002E-01  (  0  2  8  4  0  0  0  0  0  0 )   1.01924E+00             1.02450E+00     0     0    41
   385      15      26      1.00195E+00  (  1  3  5  4  2  0  0  0  0  0 )   1.01612E+00             9.97626E-01     0     0    40
   386      16      28      9.40226E-01  (  2  3  3  6  1  1  0  0  0  0 )   1.02332E+00             1.01814E+00     0     0    41
   387      14      24      9.91097E-01  (  0  4  4  6  0  0  0  0  0  0 )   1.04097E+00             1.05166E+00     0     0    39
   388      14      24      9.22703E-01  (  0  2  8  4  0  0  0  0  0  0 )   9.50530E-01             9.09903E-01     0     0    43
   389      14      24      9.67169E-01  (  0  2  8  4  0  0  0  0  0  0 )   9.73255E-01             9.56084E-01     0     0    40
   390      15      26      1.02003E+00  (  0  3  6  6  0  0  0  0  0  0 )   1.02460E+00             1.04723E+00     0     0    40

   391      13      22      9.20454E-01  (  0  3  6  4  0  0  0  0  0  0 )   9.38362E-01             8.98445E-01     0     0    41
   392      14      24      9.19519E-01  (  0  3  6  5  0  0  0  0  0  0 )   9.45782E-01             9.15706E-01     0     0    46
   393      14      24      1.01229E+00  (  2  2  5  2  3  0  0  0  0  0 )   1.02717E+00             1.02874E+00     0     0    39
   394      15      26      1.00048E+00  (  1  4  3  5  2  0  0  0  0  0 )   1.08806E+00             1.12243E+00     0     0    39
   395      15      26      9.39136E-01  (  0  4  4  7  0  0  0  0  0  0 )   9.91848E-01             9.58561E-01     0     0    41
   396      13      22      9.35920E-01  (  0  5  2  6  0  0  0  0  0  0 )   9.83024E-01             9.50909E-01     0     0    41
   397      13      22      9.14601E-01  (  1  2  6  3  1  0  0  0  0  0 )   9.56738E-01             9.18552E-01     0     0    40
   398      16      28      1.03123E+00  (  4  2  1  6  2  0  1  0  0  0 )   1.07511E+00             1.10094E+00     0     0    40
   399      16      28      9.66615E-01  (  4  1  3  4  3  1  0  0  0  0 )   1.02975E+00             1.03031E+00     0     0    40
   400      16      28      1.00817E+00  (  0  4  4  8  0  0  0  0  0  0 )   1.01876E+00             1.02134E+00     0     0    40


                                                                                                                             PAGE   9

    N       F       V       DIST(1)        N3 N4 N5----                      SPEC.AREA               SPEC.VOL.     NDSPL NCMP JRANGE

   401      14      24      9.36963E-01  (  0  3  6  5  0  0  0  0  0  0 )   9.76878E-01             9.54523E-01     0     0    42
   402      15      26      9.27503E-01  (  1  3  4  6  1  0  0  0  0  0 )   1.01894E+00             1.02503E+00     0     0    41
   403      15      26      9.80741E-01  (  1  3  4  6  1  0  0  0  0  0 )   1.07688E+00             1.11047E+00     0     0    43
   404      16      28      1.02867E+00  (  0  3  7  5  1  0  0  0  0  0 )   1.12227E+00             1.19007E+00     0     0    37
   405      14      24      9.65567E-01  (  0  4  4  6  0  0  0  0  0  0 )   9.73119E-01             9.59830E-01     0     0    41
   406      14      24      9.25868E-01  (  1  3  4  5  1  0  0  0  0  0 )   9.77418E-01             9.32817E-01     0     0    43
   407      15      26      8.98454E-01  (  0  5  4  4  2  0  0  0  0  0 )   1.01350E+00             1.00021E+00     0     0    41
   408      15      26      9.60037E-01  (  0  4  4  7  0  0  0  0  0  0 )   9.96384E-01             9.83131E-01     0     0    41
   409      13      22      9.68330E-01  (  0  4  4  5  0  0  0  0  0  0 )   9.60736E-01             9.24281E-01     0     0    41
   410      14      24      9.82664E-01  (  0  3  6  5  0  0  0  0  0  0 )   9.98669E-01             9.78031E-01     0     0    45

   411      15      26      9.70063E-01  (  0  2  9  3  1  0  0  0  0  0 )   1.06794E+00             1.10333E+00     0     0    42
   412      14      24      1.00185E+00  (  1  2  6  4  1  0  0  0  0  0 )   1.05226E+00             1.06761E+00     0     0    41
   413      13      22      9.59073E-01  (  1  0  9  3  0  0  0  0  0  0 )   9.59278E-01             9.34094E-01     0     0    40
   414      14      24      9.29058E-01  (  1  1  7  5  0  0  0  0  0  0 )   1.04705E+00             1.05053E+00     0     0    40
   415      14      24      9.81396E-01  (  0  3  6  5  0  0  0  0  0  0 )   1.00590E+00             1.01292E+00     0     0    41
   416      14      24      1.02899E+00  (  0  2  8  4  0  0  0  0  0  0 )   1.04830E+00             1.07378E+00     0     0    40
   417      14      24      9.03569E-01  (  0  3  6  5  0  0  0  0  0  0 )   1.02107E+00             1.00173E+00     0     0    40
   418      14      24      9.70832E-01  (  0  4  4  6  0  0  0  0  0  0 )   9.62456E-01             9.28429E-01     0     0    40
   419      16      28      9.87444E-01  (  3  2  4  2  5  0  0  0  0  0 )   1.10465E+00             1.14442E+00     0     0    38
   420      14      24      9.28060E-01  (  1  3  4  5  1  0  0  0  0  0 )   1.03321E+00             1.01905E+00     0     0    44

   421      13      22      9.62628E-01  (  0  4  4  5  0  0  0  0  0  0 )   9.85066E-01             9.60948E-01     0     0    38
   422      14      24      9.75925E-01  (  0  2  8  4  0  0  0  0  0  0 )   1.01615E+00             1.01209E+00     0     0    42
   423      13      22      9.61912E-01  (  0  1 10  2  0  0  0  0  0  0 )   9.54953E-01             9.09703E-01     0     0    39
   424      16      28      1.02465E+00  (  1  5  1  7  2  0  0  0  0  0 )   1.05875E+00             1.08038E+00     0     0    40
   425      16      28      9.08254E-01  (  1  3  7  2  2  1  0  0  0  0 )   1.03736E+00             1.03323E+00     0     0    42
   426      12      20      9.44635E-01  (  0  2  8  2  0  0  0  0  0  0 )   9.52118E-01             9.06646E-01     0     0    44
   427      15      26      9.86328E-01  (  1  3  6  2  3  0  0  0  0  0 )   1.03005E+00             1.03470E+00     0     0    40
   428      13      22      1.01056E+00  (  0  1 10  2  0  0  0  0  0  0 )   1.02307E+00             1.02021E+00     0     1    54
   429      15      26      1.00806E+00  (  0  3  6  6  0  0  0  0  0  0 )   1.05472E+00             1.08958E+00     0     0    40
   430      15      26      9.68321E-01  (  0  2  9  3  1  0  0  0  0  0 )   1.05543E+00             1.08813E+00     0     0    40

   431      14      24      9.34029E-01  (  0  4  5  4  1  0  0  0  0  0 )   1.01455E+00             1.00740E+00     0     0    42
   432      13      22      9.50219E-01  (  1  3  4  4  1  0  0  0  0  0 )   9.74510E-01             9.43360E-01     0     0    43
   433      15      26      9.94841E-01  (  1  3  5  4  2  0  0  0  0  0 )   1.04221E+00             1.04422E+00     0     0    41
   434      15      26      9.63668E-01  (  0  5  2  8  0  0  0  0  0  0 )   1.00630E+00             9.96540E-01     0     0    38
   435      15      26      8.83982E-01  (  1  3  6  3  1  1  0  0  0  0 )   1.03325E+00             1.02111E+00     0     0    41
   436      14      24      1.02055E+00  (  1  0 10  2  1  0  0  0  0  0 )   1.05719E+00             1.08310E+00     0     0    40
   437      14      24      9.28274E-01  (  2  3  3  3  3  0  0  0  0  0 )   1.05547E+00             1.03948E+00     0     0    40
   438      13      22      9.08254E-01  (  1  3  6  0  3  0  0  0  0  0 )   1.04046E+00             1.01804E+00     0     0    38
   439      14      24      9.09516E-01  (  0  3  6  5  0  0  0  0  0  0 )   1.03142E+00             1.02541E+00     0     0    41
   440      14      24      9.52192E-01  (  0  2  8  4  0  0  0  0  0  0 )   1.09475E+00             1.14832E+00     0     0    39

   441      16      28      9.26439E-01  (  2  1  5  7  1  0  0  0  0  0 )   1.04348E+00             1.04942E+00     0     0    38
   442      15      26      9.96403E-01  (  1  2  6  5  1  0  0  0  0  0 )   1.01394E+00             1.01765E+00     0     0    43
   443      15      26      1.00644E+00  (  0  4  4  7  0  0  0  0  0  0 )   1.00608E+00             1.01216E+00     0     0    42
   444      14      24      9.59939E-01  (  0  2  8  4  0  0  0  0  0  0 )   1.01942E+00             1.02337E+00     0     0    41
   445      15      26      9.76761E-01  (  1  2  7  3  2  0  0  0  0  0 )   9.97837E-01             9.86410E-01     0     0    42
   446      13      22      9.59939E-01  (  0  2  8  3  0  0  0  0  0  0 )   9.81597E-01             9.62143E-01     0     0    41
   447      14      24      9.53998E-01  (  1  3  4  5  1  0  0  0  0  0 )   1.00418E+00             9.81315E-01     0     0    40
   448      14      24      1.00485E+00  (  0  2  8  4  0  0  0  0  0  0 )   1.01878E+00             1.02739E+00     0     0    39
   449      15      26      9.76042E-01  (  1  4  3  5  2  0  0  0  0  0 )   1.04946E+00             1.07125E+00     0     1    55
   450      14      24      9.86905E-01  (  1  2  7  2  2  0  0  0  0  0 )   1.02128E+00             1.01393E+00     0     0    44


                                                                                                                             PAGE  10

    N       F       V       DIST(1)        N3 N4 N5----                      SPEC.AREA               SPEC.VOL.     NDSPL NCMP JRANGE

   451      16      28      9.63530E-01  (  1  2  7  4  2  0  0  0  0  0 )   1.04566E+00             1.06872E+00     0     0    40
   452      14      24      9.29153E-01  (  0  3  6  5  0  0  0  0  0  0 )   1.01784E+00             1.01823E+00     0     0    43
   453      15      26      9.53998E-01  (  0  1 10  4  0  0  0  0  0  0 )   1.03921E+00             1.06649E+00     0     0    46
   454      15      26      9.09516E-01  (  2  2  4  5  2  0  0  0  0  0 )   1.02733E+00             1.00862E+00     0     0    40
   455      14      24      9.95928E-01  (  0  3  7  3  1  0  0  0  0  0 )   1.02553E+00             1.02387E+00     0     0    39
   456      15      26      9.73249E-01  (  1  3  5  4  2  0  0  0  0  0 )   1.01396E+00             1.01832E+00     0     0    40
   457      13      22      9.78430E-01  (  1  2  6  3  1  0  0  0  0  0 )   1.01173E+00             9.83228E-01     0     0    39
   458      14      24      9.19519E-01  (  0  3  6  5  0  0  0  0  0  0 )   9.65322E-01             9.37533E-01     0     0    40
   459      13      22      9.60037E-01  (  0  1 10  2  0  0  0  0  0  0 )   9.88851E-01             9.63340E-01     0     0    40
   460      14      24      9.78542E-01  (  1  1  8  3  1  0  0  0  0  0 )   1.00602E+00             1.00059E+00     0     0    38

   461      14      24      9.50023E-01  (  1  3  5  3  2  0  0  0  0  0 )   1.01152E+00             9.99527E-01     0     0    44
   462      15      26      9.18999E-01  (  1  3  5  5  0  1  0  0  0  0 )   1.00248E+00             9.70083E-01     0     0    42
   463      15      26      9.66615E-01  (  1  3  5  4  2  0  0  0  0  0 )   1.00862E+00             9.86324E-01     0     0    39
   464      15      26      9.62540E-01  (  1  5  2  4  3  0  0  0  0  0 )   1.05486E+00             1.05734E+00     0     0    40
   465      12      20      9.66547E-01  (  0  3  6  3  0  0  0  0  0  0 )   9.31293E-01             8.84226E-01     0     0    42
   466      15      26      9.73175E-01  (  1  3  4  6  1  0  0  0  0  0 )   1.01663E+00             1.00459E+00     0     0    43
   467      15      26      9.93272E-01  (  1  4  3  5  2  0  0  0  0  0 )   9.84336E-01             9.54550E-01     0     0    44
   468      13      22      9.71972E-01  (  0  3  6  4  0  0  0  0  0  0 )   9.51555E-01             9.22587E-01     0     0    41
   469      12      20      9.85436E-01  (  0  0 12  0  0  0  0  0  0  0 )   9.82778E-01             9.67044E-01     0     0    42
   470      14      24      8.87292E-01  (  0  2  8  4  0  0  0  0  0  0 )   9.82906E-01             9.62181E-01     0     0    43

   471      13      22      9.26258E-01  (  0  1 10  2  0  0  0  0  0  0 )   9.58261E-01             9.25633E-01     0     0    43
   472      14      24      9.63530E-01  (  0  3  6  5  0  0  0  0  0  0 )   1.03322E+00             1.04658E+00     0     0    42
   473      14      24      9.95928E-01  (  0  4  4  6  0  0  0  0  0  0 )   1.01030E+00             1.01298E+00     0     0    42
   474      15      26      9.77291E-01  (  0  4  4  7  0  0  0  0  0  0 )   1.00168E+00             9.86984E-01     0     0    42
   475      15      26      8.83982E-01  (  3  2  4  3  1  2  0  0  0  0 )   1.01062E+00             9.96313E-01     0     0    41
   476      14      24      9.18751E-01  (  2  3  3  4  1  1  0  0  0  0 )   1.00267E+00             9.73567E-01     0     0    40
   477      14      24      9.67098E-01  (  0  1 10  3  0  0  0  0  0  0 )   1.01706E+00             1.02803E+00     0     0    41
   478      15      26      9.47426E-01  (  1  3  5  4  2  0  0  0  0  0 )   9.97337E-01             9.64851E-01     0     0    40
   479      15      26      9.89212E-01  (  0  4  4  7  0  0  0  0  0  0 )   1.00257E+00             9.94994E-01     0     0    40
   480      16      28      9.44637E-01  (  0  3  6  7  0  0  0  0  0  0 )   1.04732E+00             1.07619E+00     0     0    44

   481      14      24      9.47489E-01  (  1  3  5  3  2  0  0  0  0  0 )   1.00756E+00             9.83503E-01     0     0    42
   482      12      20      9.51000E-01  (  0  0 12  0  0  0  0  0  0  0 )   9.46896E-01             9.13193E-01     0     0    44
   483      13      22      9.63768E-01  (  0  5  2  6  0  0  0  0  0  0 )   9.90355E-01             9.62595E-01     0     0    43
   484      15      26      9.79375E-01  (  1  4  3  6  0  1  0  0  0  0 )   1.04608E+00             1.05838E+00     0     0    37
   485      13      22      9.88473E-01  (  0  1 10  2  0  0  0  0  0  0 )   9.67384E-01             9.51039E-01     0     0    41
   486      13      22      9.56421E-01  (  0  3  6  4  0  0  0  0  0  0 )   9.43368E-01             9.11407E-01     0     0    44
   487      12      20      9.89212E-01  (  0  2  8  2  0  0  0  0  0  0 )   9.77958E-01             9.60431E-01     0     0    44
   488      13      22      9.85900E-01  (  2  4  1  3  3  0  0  0  0  0 )   9.86271E-01             9.56824E-01     0     0    44
   489      15      26      9.20454E-01  (  0  2  8  5  0  0  0  0  0  0 )   9.94339E-01             9.94740E-01     0     0    39
   490      16      28      9.76283E-01  (  3  2  4  3  3  1  0  0  0  0 )   1.04391E+00             1.04736E+00     0     0    41

   491      13      22      9.54894E-01  (  0  3  6  4  0  0  0  0  0  0 )   9.68063E-01             9.48343E-01     0     0    48
   492      14      24      8.56957E-01  (  1  2  7  2  2  0  0  0  0  0 )   9.74332E-01             9.20266E-01     0     0    42
   493      13      22      9.45896E-01  (  0  1 10  2  0  0  0  0  0  0 )   9.76739E-01             9.71724E-01     0     0    45
   494      13      22      9.59475E-01  (  0  3  6  4  0  0  0  0  0  0 )   9.91021E-01             9.63678E-01     0     0    40
   495      12      20      9.90417E-01  (  0  2  8  2  0  0  0  0  0  0 )   9.68865E-01             9.39841E-01     0     0    44
   496      15      26      9.48642E-01  (  1  3  4  6  1  0  0  0  0  0 )   1.00564E+00             9.88598E-01     0     0    38
   497      13      22      9.74327E-01  (  0  3  6  4  0  0  0  0  0  0 )   9.67347E-01             9.29738E-01     0     0    42
   498      14      24      9.84119E-01  (  0  3  7  3  1  0  0  0  0  0 )   1.01366E+00             1.01491E+00     0     0    38
   499      13      22      9.47718E-01  (  1  3  4  4  1  0  0  0  0  0 )   9.39751E-01             8.95839E-01     0     0    43
   500      15      26      9.28274E-01  (  1  2  7  3  2  0  0  0  0  0 )   1.03936E+00             1.04278E+00     0     0    39

           TOTAL VOLUME OF POLYHEDRA =   450.45017        VOLUME OF ORIGINAL BOX =   450.45017
